<?xml version="1.0" encoding="UTF-8"?>
<!-- Generated by org.testng.reporters.JUnitXMLReporter -->
<testsuite hostname="rnr_25" ignored="0" name="Default test" tests="4" failures="0" timestamp="13 Mar 2019 11:24:29 GMT" time="109.104" errors="0">
  <testcase name="verifyContactsPageLabel" time="0.064" classname="com.crm.qa.testcases.ContactsPageTest"/>
  <testcase name="selectSingleContactTest" time="0.143" classname="com.crm.qa.testcases.ContactsPageTest"/>
  <testcase name="selectMultipleContactTest" time="0.567" classname="com.crm.qa.testcases.ContactsPageTest"/>
  <testcase name="validateCreateNewContact" time="6.497" classname="com.crm.qa.testcases.ContactsPageTest"/>
</testsuite> <!-- Default test -->
