<?xml version="1.0" encoding="UTF-8"?>
<testng-results skipped="0" failed="0" ignored="0" total="4" passed="4">
  <reporter-output>
  </reporter-output>
  <suite name="Default suite" duration-ms="109104" started-at="2019-03-13T11:22:40Z" finished-at="2019-03-13T11:24:29Z">
    <groups>
    </groups>
    <test name="Default test" duration-ms="109104" started-at="2019-03-13T11:22:40Z" finished-at="2019-03-13T11:24:29Z">
      <class name="com.crm.qa.testcases.ContactsPageTest">
        <test-method status="PASS" signature="setUp()[pri:0, instance:com.crm.qa.testcases.ContactsPageTest@5622fdf]" name="setUp" is-config="true" duration-ms="25201" started-at="2019-03-13T11:22:40Z" finished-at="2019-03-13T11:23:05Z">
          <reporter-output>
          </reporter-output>
        </test-method> <!-- setUp -->
        <test-method status="PASS" signature="verifyContactsPageLabel()[pri:1, instance:com.crm.qa.testcases.ContactsPageTest@5622fdf]" name="verifyContactsPageLabel" duration-ms="64" started-at="2019-03-13T11:23:05Z" finished-at="2019-03-13T11:23:05Z">
          <reporter-output>
          </reporter-output>
        </test-method> <!-- verifyContactsPageLabel -->
        <test-method status="PASS" signature="tearDown()[pri:0, instance:com.crm.qa.testcases.ContactsPageTest@5622fdf]" name="tearDown" is-config="true" duration-ms="734" started-at="2019-03-13T11:23:05Z" finished-at="2019-03-13T11:23:06Z">
          <reporter-output>
          </reporter-output>
        </test-method> <!-- tearDown -->
        <test-method status="PASS" signature="setUp()[pri:0, instance:com.crm.qa.testcases.ContactsPageTest@5622fdf]" name="setUp" is-config="true" duration-ms="24860" started-at="2019-03-13T11:23:06Z" finished-at="2019-03-13T11:23:31Z">
          <reporter-output>
          </reporter-output>
        </test-method> <!-- setUp -->
        <test-method status="PASS" signature="selectSingleContactTest()[pri:2, instance:com.crm.qa.testcases.ContactsPageTest@5622fdf]" name="selectSingleContactTest" duration-ms="143" started-at="2019-03-13T11:23:31Z" finished-at="2019-03-13T11:23:31Z">
          <reporter-output>
          </reporter-output>
        </test-method> <!-- selectSingleContactTest -->
        <test-method status="PASS" signature="tearDown()[pri:0, instance:com.crm.qa.testcases.ContactsPageTest@5622fdf]" name="tearDown" is-config="true" duration-ms="727" started-at="2019-03-13T11:23:31Z" finished-at="2019-03-13T11:23:32Z">
          <reporter-output>
          </reporter-output>
        </test-method> <!-- tearDown -->
        <test-method status="PASS" signature="setUp()[pri:0, instance:com.crm.qa.testcases.ContactsPageTest@5622fdf]" name="setUp" is-config="true" duration-ms="22727" started-at="2019-03-13T11:23:32Z" finished-at="2019-03-13T11:23:54Z">
          <reporter-output>
          </reporter-output>
        </test-method> <!-- setUp -->
        <test-method status="PASS" signature="selectMultipleContactTest()[pri:3, instance:com.crm.qa.testcases.ContactsPageTest@5622fdf]" name="selectMultipleContactTest" duration-ms="567" started-at="2019-03-13T11:23:54Z" finished-at="2019-03-13T11:23:55Z">
          <reporter-output>
          </reporter-output>
        </test-method> <!-- selectMultipleContactTest -->
        <test-method status="PASS" signature="tearDown()[pri:0, instance:com.crm.qa.testcases.ContactsPageTest@5622fdf]" name="tearDown" is-config="true" duration-ms="902" started-at="2019-03-13T11:23:55Z" finished-at="2019-03-13T11:23:56Z">
          <reporter-output>
          </reporter-output>
        </test-method> <!-- tearDown -->
        <test-method status="PASS" signature="setUp()[pri:0, instance:com.crm.qa.testcases.ContactsPageTest@5622fdf]" name="setUp" is-config="true" duration-ms="25787" started-at="2019-03-13T11:23:56Z" finished-at="2019-03-13T11:24:22Z">
          <reporter-output>
          </reporter-output>
        </test-method> <!-- setUp -->
        <test-method status="PASS" signature="validateCreateNewContact()[pri:4, instance:com.crm.qa.testcases.ContactsPageTest@5622fdf]" name="validateCreateNewContact" duration-ms="6497" started-at="2019-03-13T11:24:22Z" finished-at="2019-03-13T11:24:28Z">
          <reporter-output>
          </reporter-output>
        </test-method> <!-- validateCreateNewContact -->
        <test-method status="PASS" signature="tearDown()[pri:0, instance:com.crm.qa.testcases.ContactsPageTest@5622fdf]" name="tearDown" is-config="true" duration-ms="825" started-at="2019-03-13T11:24:28Z" finished-at="2019-03-13T11:24:29Z">
          <reporter-output>
          </reporter-output>
        </test-method> <!-- tearDown -->
      </class> <!-- com.crm.qa.testcases.ContactsPageTest -->
    </test> <!-- Default test -->
  </suite> <!-- Default suite -->
</testng-results>
